<?xml version="1.0" encoding="UTF-8"?>
<!-- Generated by org.testng.reporters.JUnitReportReporter -->
<testsuite hostname="User" failures="0" tests="10" name="runner.WebApp" time="340.537" errors="0" timestamp="18 Jan 2022 15:33:38 GMT" skipped="0">
  <testcase classname="runner.WebApp" name="LocalPage" time="61.624"/>
  <testcase classname="runner.WebApp" name="HomePage" time="20.187"/>
  <testcase classname="runner.WebApp" name="SignUp" time="28.221"/>
  <testcase classname="runner.WebApp" name="HomepageLogin" time="32.892"/>
  <testcase classname="runner.WebApp" name="AboutPage" time="26.364"/>
  <testcase classname="runner.WebApp" name="ContactPage" time="22.919"/>
  <testcase classname="runner.WebApp" name="OnewayPage" time="35.751"/>
  <testcase classname="runner.WebApp" name="OutstationPage" time="34.935"/>
  <testcase classname="runner.WebApp" name="AirportPage" time="51.638"/>
  <testcase classname="runner.WebApp" name="CorporatePage" time="26.006"/>
</testsuite> <!-- runner.WebApp -->
